2019-11-06 05:30:16 [JavaFX Application Thread] ERROR SpriteTool:58 - Catching
javafx.fxml.LoadException: 
/C:/Users/Scott/Documents/OpenRSC%20Sprite%20Tool/out/production/OpenRSC%20Sprite%20Tool/com/SpriteTool/Splash/Splash.fxml:11

	at javafx.fxml.FXMLLoader.constructLoadException(FXMLLoader.java:2625) ~[javafx.fxml.jar:?]
	at javafx.fxml.FXMLLoader.loadImpl(FXMLLoader.java:2603) ~[javafx.fxml.jar:?]
	at javafx.fxml.FXMLLoader.loadImpl(FXMLLoader.java:2466) ~[javafx.fxml.jar:?]
	at javafx.fxml.FXMLLoader.load(FXMLLoader.java:2435) ~[javafx.fxml.jar:?]
	at com.SpriteTool.SpriteTool.initLoaders(SpriteTool.java:48) ~[OpenRSC%20Sprite%20Tool/:?]
	at com.SpriteTool.SpriteTool.<init>(SpriteTool.java:34) ~[OpenRSC%20Sprite%20Tool/:?]
	at com.SpriteTool.Main.start(Main.java:9) ~[OpenRSC%20Sprite%20Tool/:?]
	at com.sun.javafx.application.LauncherImpl.lambda$launchApplication1$9(LauncherImpl.java:846) ~[javafx.graphics.jar:?]
	at com.sun.javafx.application.PlatformImpl.lambda$runAndWait$12(PlatformImpl.java:455) ~[javafx.graphics.jar:?]
	at com.sun.javafx.application.PlatformImpl.lambda$runLater$10(PlatformImpl.java:428) ~[javafx.graphics.jar:?]
	at java.security.AccessController.doPrivileged(AccessController.java:389) ~[?:?]
	at com.sun.javafx.application.PlatformImpl.lambda$runLater$11(PlatformImpl.java:427) ~[javafx.graphics.jar:?]
	at com.sun.glass.ui.InvokeLaterDispatcher$Future.run(InvokeLaterDispatcher.java:96) ~[javafx.graphics.jar:?]
	at com.sun.glass.ui.win.WinApplication._runLoop(Native Method) ~[javafx.graphics.jar:?]
	at com.sun.glass.ui.win.WinApplication.lambda$runLoop$3(WinApplication.java:174) ~[javafx.graphics.jar:?]
	at java.lang.Thread.run(Thread.java:835) [?:?]
Caused by: java.lang.IllegalArgumentException: Invalid URL: Invalid URL or resource not found
	at javafx.scene.image.Image.validateUrl(Image.java:1107) ~[javafx.graphics.jar:?]
	at javafx.scene.image.Image.<init>(Image.java:688) ~[javafx.graphics.jar:?]
	at com.sun.javafx.fxml.builder.JavaFXImageBuilder.build(JavaFXImageBuilder.java:47) ~[javafx.fxml.jar:?]
	at com.sun.javafx.fxml.builder.JavaFXImageBuilder.build(JavaFXImageBuilder.java:37) ~[javafx.fxml.jar:?]
	at javafx.fxml.FXMLLoader$ValueElement.processEndElement(FXMLLoader.java:771) ~[javafx.fxml.jar:?]
	at javafx.fxml.FXMLLoader.processEndElement(FXMLLoader.java:2838) ~[javafx.fxml.jar:?]
	at javafx.fxml.FXMLLoader.loadImpl(FXMLLoader.java:2557) ~[javafx.fxml.jar:?]
	... 14 more
Caused by: java.lang.IllegalArgumentException: Invalid URL or resource not found
	at javafx.scene.image.Image.validateUrl(Image.java:1099) ~[javafx.graphics.jar:?]
	at javafx.scene.image.Image.<init>(Image.java:688) ~[javafx.graphics.jar:?]
	at com.sun.javafx.fxml.builder.JavaFXImageBuilder.build(JavaFXImageBuilder.java:47) ~[javafx.fxml.jar:?]
	at com.sun.javafx.fxml.builder.JavaFXImageBuilder.build(JavaFXImageBuilder.java:37) ~[javafx.fxml.jar:?]
	at javafx.fxml.FXMLLoader$ValueElement.processEndElement(FXMLLoader.java:771) ~[javafx.fxml.jar:?]
	at javafx.fxml.FXMLLoader.processEndElement(FXMLLoader.java:2838) ~[javafx.fxml.jar:?]
	at javafx.fxml.FXMLLoader.loadImpl(FXMLLoader.java:2557) ~[javafx.fxml.jar:?]
	... 14 more
2019-11-06 05:32:54 [JavaFX Application Thread] ERROR SpriteTool:58 - Catching
javafx.fxml.LoadException: 
/C:/Users/Scott/Documents/OpenRSC%20Sprite%20Tool/out/production/OpenRSC%20Sprite%20Tool/com/SpriteTool/Splash/Splash.fxml:11

	at javafx.fxml.FXMLLoader.constructLoadException(FXMLLoader.java:2625) ~[javafx.fxml.jar:?]
	at javafx.fxml.FXMLLoader.loadImpl(FXMLLoader.java:2603) ~[javafx.fxml.jar:?]
	at javafx.fxml.FXMLLoader.loadImpl(FXMLLoader.java:2466) ~[javafx.fxml.jar:?]
	at javafx.fxml.FXMLLoader.load(FXMLLoader.java:2435) ~[javafx.fxml.jar:?]
	at com.SpriteTool.SpriteTool.initLoaders(SpriteTool.java:48) ~[OpenRSC%20Sprite%20Tool/:?]
	at com.SpriteTool.SpriteTool.<init>(SpriteTool.java:34) ~[OpenRSC%20Sprite%20Tool/:?]
	at com.SpriteTool.Main.start(Main.java:9) ~[OpenRSC%20Sprite%20Tool/:?]
	at com.sun.javafx.application.LauncherImpl.lambda$launchApplication1$9(LauncherImpl.java:846) ~[javafx.graphics.jar:?]
	at com.sun.javafx.application.PlatformImpl.lambda$runAndWait$12(PlatformImpl.java:455) ~[javafx.graphics.jar:?]
	at com.sun.javafx.application.PlatformImpl.lambda$runLater$10(PlatformImpl.java:428) ~[javafx.graphics.jar:?]
	at java.security.AccessController.doPrivileged(AccessController.java:389) ~[?:?]
	at com.sun.javafx.application.PlatformImpl.lambda$runLater$11(PlatformImpl.java:427) ~[javafx.graphics.jar:?]
	at com.sun.glass.ui.InvokeLaterDispatcher$Future.run(InvokeLaterDispatcher.java:96) ~[javafx.graphics.jar:?]
	at com.sun.glass.ui.win.WinApplication._runLoop(Native Method) ~[javafx.graphics.jar:?]
	at com.sun.glass.ui.win.WinApplication.lambda$runLoop$3(WinApplication.java:174) ~[javafx.graphics.jar:?]
	at java.lang.Thread.run(Thread.java:835) [?:?]
Caused by: java.lang.IllegalArgumentException: Invalid URL: Invalid URL or resource not found
	at javafx.scene.image.Image.validateUrl(Image.java:1107) ~[javafx.graphics.jar:?]
	at javafx.scene.image.Image.<init>(Image.java:688) ~[javafx.graphics.jar:?]
	at com.sun.javafx.fxml.builder.JavaFXImageBuilder.build(JavaFXImageBuilder.java:47) ~[javafx.fxml.jar:?]
	at com.sun.javafx.fxml.builder.JavaFXImageBuilder.build(JavaFXImageBuilder.java:37) ~[javafx.fxml.jar:?]
	at javafx.fxml.FXMLLoader$ValueElement.processEndElement(FXMLLoader.java:771) ~[javafx.fxml.jar:?]
	at javafx.fxml.FXMLLoader.processEndElement(FXMLLoader.java:2838) ~[javafx.fxml.jar:?]
	at javafx.fxml.FXMLLoader.loadImpl(FXMLLoader.java:2557) ~[javafx.fxml.jar:?]
	... 14 more
Caused by: java.lang.IllegalArgumentException: Invalid URL or resource not found
	at javafx.scene.image.Image.validateUrl(Image.java:1099) ~[javafx.graphics.jar:?]
	at javafx.scene.image.Image.<init>(Image.java:688) ~[javafx.graphics.jar:?]
	at com.sun.javafx.fxml.builder.JavaFXImageBuilder.build(JavaFXImageBuilder.java:47) ~[javafx.fxml.jar:?]
	at com.sun.javafx.fxml.builder.JavaFXImageBuilder.build(JavaFXImageBuilder.java:37) ~[javafx.fxml.jar:?]
	at javafx.fxml.FXMLLoader$ValueElement.processEndElement(FXMLLoader.java:771) ~[javafx.fxml.jar:?]
	at javafx.fxml.FXMLLoader.processEndElement(FXMLLoader.java:2838) ~[javafx.fxml.jar:?]
	at javafx.fxml.FXMLLoader.loadImpl(FXMLLoader.java:2557) ~[javafx.fxml.jar:?]
	... 14 more
2019-11-06 05:33:16 [JavaFX Application Thread] ERROR SpriteTool:58 - Catching
javafx.fxml.LoadException: 
/C:/Users/Scott/Documents/OpenRSC%20Sprite%20Tool/out/production/OpenRSC%20Sprite%20Tool/com/SpriteTool/Splash/Splash.fxml:11

	at javafx.fxml.FXMLLoader.constructLoadException(FXMLLoader.java:2625) ~[javafx.fxml.jar:?]
	at javafx.fxml.FXMLLoader.loadImpl(FXMLLoader.java:2603) ~[javafx.fxml.jar:?]
	at javafx.fxml.FXMLLoader.loadImpl(FXMLLoader.java:2466) ~[javafx.fxml.jar:?]
	at javafx.fxml.FXMLLoader.load(FXMLLoader.java:2435) ~[javafx.fxml.jar:?]
	at com.SpriteTool.SpriteTool.initLoaders(SpriteTool.java:48) ~[OpenRSC%20Sprite%20Tool/:?]
	at com.SpriteTool.SpriteTool.<init>(SpriteTool.java:34) ~[OpenRSC%20Sprite%20Tool/:?]
	at com.SpriteTool.Main.start(Main.java:9) ~[OpenRSC%20Sprite%20Tool/:?]
	at com.sun.javafx.application.LauncherImpl.lambda$launchApplication1$9(LauncherImpl.java:846) ~[javafx.graphics.jar:?]
	at com.sun.javafx.application.PlatformImpl.lambda$runAndWait$12(PlatformImpl.java:455) ~[javafx.graphics.jar:?]
	at com.sun.javafx.application.PlatformImpl.lambda$runLater$10(PlatformImpl.java:428) ~[javafx.graphics.jar:?]
	at java.security.AccessController.doPrivileged(AccessController.java:389) ~[?:?]
	at com.sun.javafx.application.PlatformImpl.lambda$runLater$11(PlatformImpl.java:427) ~[javafx.graphics.jar:?]
	at com.sun.glass.ui.InvokeLaterDispatcher$Future.run(InvokeLaterDispatcher.java:96) ~[javafx.graphics.jar:?]
	at com.sun.glass.ui.win.WinApplication._runLoop(Native Method) ~[javafx.graphics.jar:?]
	at com.sun.glass.ui.win.WinApplication.lambda$runLoop$3(WinApplication.java:174) ~[javafx.graphics.jar:?]
	at java.lang.Thread.run(Thread.java:835) [?:?]
Caused by: java.lang.IllegalArgumentException: Invalid URL: Invalid URL or resource not found
	at javafx.scene.image.Image.validateUrl(Image.java:1107) ~[javafx.graphics.jar:?]
	at javafx.scene.image.Image.<init>(Image.java:688) ~[javafx.graphics.jar:?]
	at com.sun.javafx.fxml.builder.JavaFXImageBuilder.build(JavaFXImageBuilder.java:47) ~[javafx.fxml.jar:?]
	at com.sun.javafx.fxml.builder.JavaFXImageBuilder.build(JavaFXImageBuilder.java:37) ~[javafx.fxml.jar:?]
	at javafx.fxml.FXMLLoader$ValueElement.processEndElement(FXMLLoader.java:771) ~[javafx.fxml.jar:?]
	at javafx.fxml.FXMLLoader.processEndElement(FXMLLoader.java:2838) ~[javafx.fxml.jar:?]
	at javafx.fxml.FXMLLoader.loadImpl(FXMLLoader.java:2557) ~[javafx.fxml.jar:?]
	... 14 more
Caused by: java.lang.IllegalArgumentException: Invalid URL or resource not found
	at javafx.scene.image.Image.validateUrl(Image.java:1099) ~[javafx.graphics.jar:?]
	at javafx.scene.image.Image.<init>(Image.java:688) ~[javafx.graphics.jar:?]
	at com.sun.javafx.fxml.builder.JavaFXImageBuilder.build(JavaFXImageBuilder.java:47) ~[javafx.fxml.jar:?]
	at com.sun.javafx.fxml.builder.JavaFXImageBuilder.build(JavaFXImageBuilder.java:37) ~[javafx.fxml.jar:?]
	at javafx.fxml.FXMLLoader$ValueElement.processEndElement(FXMLLoader.java:771) ~[javafx.fxml.jar:?]
	at javafx.fxml.FXMLLoader.processEndElement(FXMLLoader.java:2838) ~[javafx.fxml.jar:?]
	at javafx.fxml.FXMLLoader.loadImpl(FXMLLoader.java:2557) ~[javafx.fxml.jar:?]
	... 14 more
2019-11-06 05:33:52 [JavaFX Application Thread] ERROR SpriteTool:58 - Catching
javafx.fxml.LoadException: 
/C:/Users/Scott/Documents/OpenRSC%20Sprite%20Tool/out/production/OpenRSC%20Sprite%20Tool/com/SpriteTool/Splash/Splash.fxml:11

	at javafx.fxml.FXMLLoader.constructLoadException(FXMLLoader.java:2625) ~[javafx.fxml.jar:?]
	at javafx.fxml.FXMLLoader.loadImpl(FXMLLoader.java:2568) ~[javafx.fxml.jar:?]
	at javafx.fxml.FXMLLoader.loadImpl(FXMLLoader.java:2466) ~[javafx.fxml.jar:?]
	at javafx.fxml.FXMLLoader.load(FXMLLoader.java:2435) ~[javafx.fxml.jar:?]
	at com.SpriteTool.SpriteTool.initLoaders(SpriteTool.java:48) ~[OpenRSC%20Sprite%20Tool/:?]
	at com.SpriteTool.SpriteTool.<init>(SpriteTool.java:34) ~[OpenRSC%20Sprite%20Tool/:?]
	at com.SpriteTool.Main.start(Main.java:9) ~[OpenRSC%20Sprite%20Tool/:?]
	at com.sun.javafx.application.LauncherImpl.lambda$launchApplication1$9(LauncherImpl.java:846) ~[javafx.graphics.jar:?]
	at com.sun.javafx.application.PlatformImpl.lambda$runAndWait$12(PlatformImpl.java:455) ~[javafx.graphics.jar:?]
	at com.sun.javafx.application.PlatformImpl.lambda$runLater$10(PlatformImpl.java:428) ~[javafx.graphics.jar:?]
	at java.security.AccessController.doPrivileged(AccessController.java:389) ~[?:?]
	at com.sun.javafx.application.PlatformImpl.lambda$runLater$11(PlatformImpl.java:427) ~[javafx.graphics.jar:?]
	at com.sun.glass.ui.InvokeLaterDispatcher$Future.run(InvokeLaterDispatcher.java:96) ~[javafx.graphics.jar:?]
	at com.sun.glass.ui.win.WinApplication._runLoop(Native Method) ~[javafx.graphics.jar:?]
	at com.sun.glass.ui.win.WinApplication.lambda$runLoop$3(WinApplication.java:174) ~[javafx.graphics.jar:?]
	at java.lang.Thread.run(Thread.java:835) [?:?]
Caused by: javax.xml.stream.XMLStreamException: ParseError at [row,col]:[11,24]
Message: Open quote is expected for attribute "url" associated with an  element type  "Image".
	at com.sun.org.apache.xerces.internal.impl.XMLStreamReaderImpl.next(XMLStreamReaderImpl.java:652) ~[?:?]
	at javax.xml.stream.util.StreamReaderDelegate.next(StreamReaderDelegate.java:84) ~[?:?]
	at javafx.fxml.FXMLLoader.loadImpl(FXMLLoader.java:2538) ~[javafx.fxml.jar:?]
	... 14 more
2019-11-06 05:34:05 [JavaFX Application Thread] ERROR SpriteTool:58 - Catching
javafx.fxml.LoadException: 
/C:/Users/Scott/Documents/OpenRSC%20Sprite%20Tool/out/production/OpenRSC%20Sprite%20Tool/com/SpriteTool/Splash/Splash.fxml:11

	at javafx.fxml.FXMLLoader.constructLoadException(FXMLLoader.java:2625) ~[javafx.fxml.jar:?]
	at javafx.fxml.FXMLLoader.loadImpl(FXMLLoader.java:2603) ~[javafx.fxml.jar:?]
	at javafx.fxml.FXMLLoader.loadImpl(FXMLLoader.java:2466) ~[javafx.fxml.jar:?]
	at javafx.fxml.FXMLLoader.load(FXMLLoader.java:2435) ~[javafx.fxml.jar:?]
	at com.SpriteTool.SpriteTool.initLoaders(SpriteTool.java:48) ~[OpenRSC%20Sprite%20Tool/:?]
	at com.SpriteTool.SpriteTool.<init>(SpriteTool.java:34) ~[OpenRSC%20Sprite%20Tool/:?]
	at com.SpriteTool.Main.start(Main.java:9) ~[OpenRSC%20Sprite%20Tool/:?]
	at com.sun.javafx.application.LauncherImpl.lambda$launchApplication1$9(LauncherImpl.java:846) ~[javafx.graphics.jar:?]
	at com.sun.javafx.application.PlatformImpl.lambda$runAndWait$12(PlatformImpl.java:455) ~[javafx.graphics.jar:?]
	at com.sun.javafx.application.PlatformImpl.lambda$runLater$10(PlatformImpl.java:428) ~[javafx.graphics.jar:?]
	at java.security.AccessController.doPrivileged(AccessController.java:389) ~[?:?]
	at com.sun.javafx.application.PlatformImpl.lambda$runLater$11(PlatformImpl.java:427) ~[javafx.graphics.jar:?]
	at com.sun.glass.ui.InvokeLaterDispatcher$Future.run(InvokeLaterDispatcher.java:96) ~[javafx.graphics.jar:?]
	at com.sun.glass.ui.win.WinApplication._runLoop(Native Method) ~[javafx.graphics.jar:?]
	at com.sun.glass.ui.win.WinApplication.lambda$runLoop$3(WinApplication.java:174) ~[javafx.graphics.jar:?]
	at java.lang.Thread.run(Thread.java:835) [?:?]
Caused by: java.lang.IllegalArgumentException: Invalid URL: Invalid URL or resource not found
	at javafx.scene.image.Image.validateUrl(Image.java:1107) ~[javafx.graphics.jar:?]
	at javafx.scene.image.Image.<init>(Image.java:688) ~[javafx.graphics.jar:?]
	at com.sun.javafx.fxml.builder.JavaFXImageBuilder.build(JavaFXImageBuilder.java:47) ~[javafx.fxml.jar:?]
	at com.sun.javafx.fxml.builder.JavaFXImageBuilder.build(JavaFXImageBuilder.java:37) ~[javafx.fxml.jar:?]
	at javafx.fxml.FXMLLoader$ValueElement.processEndElement(FXMLLoader.java:771) ~[javafx.fxml.jar:?]
	at javafx.fxml.FXMLLoader.processEndElement(FXMLLoader.java:2838) ~[javafx.fxml.jar:?]
	at javafx.fxml.FXMLLoader.loadImpl(FXMLLoader.java:2557) ~[javafx.fxml.jar:?]
	... 14 more
Caused by: java.lang.IllegalArgumentException: Invalid URL or resource not found
	at javafx.scene.image.Image.validateUrl(Image.java:1099) ~[javafx.graphics.jar:?]
	at javafx.scene.image.Image.<init>(Image.java:688) ~[javafx.graphics.jar:?]
	at com.sun.javafx.fxml.builder.JavaFXImageBuilder.build(JavaFXImageBuilder.java:47) ~[javafx.fxml.jar:?]
	at com.sun.javafx.fxml.builder.JavaFXImageBuilder.build(JavaFXImageBuilder.java:37) ~[javafx.fxml.jar:?]
	at javafx.fxml.FXMLLoader$ValueElement.processEndElement(FXMLLoader.java:771) ~[javafx.fxml.jar:?]
	at javafx.fxml.FXMLLoader.processEndElement(FXMLLoader.java:2838) ~[javafx.fxml.jar:?]
	at javafx.fxml.FXMLLoader.loadImpl(FXMLLoader.java:2557) ~[javafx.fxml.jar:?]
	... 14 more
2019-11-06 05:34:25 [JavaFX Application Thread] ERROR SpriteTool:58 - Catching
javafx.fxml.LoadException: 
/C:/Users/Scott/Documents/OpenRSC%20Sprite%20Tool/out/production/OpenRSC%20Sprite%20Tool/com/SpriteTool/Splash/Splash.fxml:11

	at javafx.fxml.FXMLLoader.constructLoadException(FXMLLoader.java:2625) ~[javafx.fxml.jar:?]
	at javafx.fxml.FXMLLoader.loadImpl(FXMLLoader.java:2603) ~[javafx.fxml.jar:?]
	at javafx.fxml.FXMLLoader.loadImpl(FXMLLoader.java:2466) ~[javafx.fxml.jar:?]
	at javafx.fxml.FXMLLoader.load(FXMLLoader.java:2435) ~[javafx.fxml.jar:?]
	at com.SpriteTool.SpriteTool.initLoaders(SpriteTool.java:48) ~[OpenRSC%20Sprite%20Tool/:?]
	at com.SpriteTool.SpriteTool.<init>(SpriteTool.java:34) ~[OpenRSC%20Sprite%20Tool/:?]
	at com.SpriteTool.Main.start(Main.java:9) ~[OpenRSC%20Sprite%20Tool/:?]
	at com.sun.javafx.application.LauncherImpl.lambda$launchApplication1$9(LauncherImpl.java:846) ~[javafx.graphics.jar:?]
	at com.sun.javafx.application.PlatformImpl.lambda$runAndWait$12(PlatformImpl.java:455) ~[javafx.graphics.jar:?]
	at com.sun.javafx.application.PlatformImpl.lambda$runLater$10(PlatformImpl.java:428) ~[javafx.graphics.jar:?]
	at java.security.AccessController.doPrivileged(AccessController.java:389) ~[?:?]
	at com.sun.javafx.application.PlatformImpl.lambda$runLater$11(PlatformImpl.java:427) ~[javafx.graphics.jar:?]
	at com.sun.glass.ui.InvokeLaterDispatcher$Future.run(InvokeLaterDispatcher.java:96) ~[javafx.graphics.jar:?]
	at com.sun.glass.ui.win.WinApplication._runLoop(Native Method) ~[javafx.graphics.jar:?]
	at com.sun.glass.ui.win.WinApplication.lambda$runLoop$3(WinApplication.java:174) ~[javafx.graphics.jar:?]
	at java.lang.Thread.run(Thread.java:835) [?:?]
Caused by: java.lang.IllegalArgumentException: Invalid URL: Invalid URL or resource not found
	at javafx.scene.image.Image.validateUrl(Image.java:1107) ~[javafx.graphics.jar:?]
	at javafx.scene.image.Image.<init>(Image.java:688) ~[javafx.graphics.jar:?]
	at com.sun.javafx.fxml.builder.JavaFXImageBuilder.build(JavaFXImageBuilder.java:47) ~[javafx.fxml.jar:?]
	at com.sun.javafx.fxml.builder.JavaFXImageBuilder.build(JavaFXImageBuilder.java:37) ~[javafx.fxml.jar:?]
	at javafx.fxml.FXMLLoader$ValueElement.processEndElement(FXMLLoader.java:771) ~[javafx.fxml.jar:?]
	at javafx.fxml.FXMLLoader.processEndElement(FXMLLoader.java:2838) ~[javafx.fxml.jar:?]
	at javafx.fxml.FXMLLoader.loadImpl(FXMLLoader.java:2557) ~[javafx.fxml.jar:?]
	... 14 more
Caused by: java.lang.IllegalArgumentException: Invalid URL or resource not found
	at javafx.scene.image.Image.validateUrl(Image.java:1099) ~[javafx.graphics.jar:?]
	at javafx.scene.image.Image.<init>(Image.java:688) ~[javafx.graphics.jar:?]
	at com.sun.javafx.fxml.builder.JavaFXImageBuilder.build(JavaFXImageBuilder.java:47) ~[javafx.fxml.jar:?]
	at com.sun.javafx.fxml.builder.JavaFXImageBuilder.build(JavaFXImageBuilder.java:37) ~[javafx.fxml.jar:?]
	at javafx.fxml.FXMLLoader$ValueElement.processEndElement(FXMLLoader.java:771) ~[javafx.fxml.jar:?]
	at javafx.fxml.FXMLLoader.processEndElement(FXMLLoader.java:2838) ~[javafx.fxml.jar:?]
	at javafx.fxml.FXMLLoader.loadImpl(FXMLLoader.java:2557) ~[javafx.fxml.jar:?]
	... 14 more
2019-11-06 06:22:50 [JavaFX Application Thread] ERROR SpriteTool:59 - Catching
javafx.fxml.LoadException: 
/C:/Users/Scott/Documents/OpenRSC%20Sprite%20Tool/out/production/OpenRSC%20Sprite%20Tool/com/SpriteTool/SpriteTool.fxml

	at javafx.fxml.FXMLLoader.constructLoadException(FXMLLoader.java:2625) ~[javafx.fxml.jar:?]
	at javafx.fxml.FXMLLoader.loadImpl(FXMLLoader.java:2603) ~[javafx.fxml.jar:?]
	at javafx.fxml.FXMLLoader.loadImpl(FXMLLoader.java:2466) ~[javafx.fxml.jar:?]
	at javafx.fxml.FXMLLoader.load(FXMLLoader.java:2435) ~[javafx.fxml.jar:?]
	at com.SpriteTool.SpriteTool.initLoaders(SpriteTool.java:51) ~[OpenRSC%20Sprite%20Tool/:?]
	at com.SpriteTool.SpriteTool.<init>(SpriteTool.java:35) ~[OpenRSC%20Sprite%20Tool/:?]
	at com.SpriteTool.Main.start(Main.java:9) ~[OpenRSC%20Sprite%20Tool/:?]
	at com.sun.javafx.application.LauncherImpl.lambda$launchApplication1$9(LauncherImpl.java:846) ~[javafx.graphics.jar:?]
	at com.sun.javafx.application.PlatformImpl.lambda$runAndWait$12(PlatformImpl.java:455) ~[javafx.graphics.jar:?]
	at com.sun.javafx.application.PlatformImpl.lambda$runLater$10(PlatformImpl.java:428) ~[javafx.graphics.jar:?]
	at java.security.AccessController.doPrivileged(AccessController.java:389) ~[?:?]
	at com.sun.javafx.application.PlatformImpl.lambda$runLater$11(PlatformImpl.java:427) ~[javafx.graphics.jar:?]
	at com.sun.glass.ui.InvokeLaterDispatcher$Future.run(InvokeLaterDispatcher.java:96) ~[javafx.graphics.jar:?]
	at com.sun.glass.ui.win.WinApplication._runLoop(Native Method) ~[javafx.graphics.jar:?]
	at com.sun.glass.ui.win.WinApplication.lambda$runLoop$3(WinApplication.java:174) ~[javafx.graphics.jar:?]
	at java.lang.Thread.run(Thread.java:835) [?:?]
Caused by: java.lang.IllegalArgumentException: Invalid URL: unknown protocol: c
	at javafx.scene.image.Image.validateUrl(Image.java:1110) ~[javafx.graphics.jar:?]
	at javafx.scene.image.Image.<init>(Image.java:617) ~[javafx.graphics.jar:?]
	at com.SpriteTool.Controller.initialize(Controller.java:52) ~[OpenRSC%20Sprite%20Tool/:?]
	at javafx.fxml.FXMLLoader.loadImpl(FXMLLoader.java:2573) ~[javafx.fxml.jar:?]
	... 14 more
Caused by: java.net.MalformedURLException: unknown protocol: c
	at java.net.URL.<init>(URL.java:657) ~[?:?]
	at java.net.URL.<init>(URL.java:546) ~[?:?]
	at java.net.URL.<init>(URL.java:493) ~[?:?]
	at javafx.scene.image.Image.validateUrl(Image.java:1104) ~[javafx.graphics.jar:?]
	at javafx.scene.image.Image.<init>(Image.java:617) ~[javafx.graphics.jar:?]
	at com.SpriteTool.Controller.initialize(Controller.java:52) ~[OpenRSC%20Sprite%20Tool/:?]
	at javafx.fxml.FXMLLoader.loadImpl(FXMLLoader.java:2573) ~[javafx.fxml.jar:?]
	... 14 more
2019-11-06 06:23:25 [JavaFX Application Thread] ERROR SpriteTool:59 - Catching
javafx.fxml.LoadException: 
/C:/Users/Scott/Documents/OpenRSC%20Sprite%20Tool/out/production/OpenRSC%20Sprite%20Tool/com/SpriteTool/SpriteTool.fxml

	at javafx.fxml.FXMLLoader.constructLoadException(FXMLLoader.java:2625) ~[javafx.fxml.jar:?]
	at javafx.fxml.FXMLLoader.loadImpl(FXMLLoader.java:2603) ~[javafx.fxml.jar:?]
	at javafx.fxml.FXMLLoader.loadImpl(FXMLLoader.java:2466) ~[javafx.fxml.jar:?]
	at javafx.fxml.FXMLLoader.load(FXMLLoader.java:2435) ~[javafx.fxml.jar:?]
	at com.SpriteTool.SpriteTool.initLoaders(SpriteTool.java:51) ~[OpenRSC%20Sprite%20Tool/:?]
	at com.SpriteTool.SpriteTool.<init>(SpriteTool.java:35) ~[OpenRSC%20Sprite%20Tool/:?]
	at com.SpriteTool.Main.start(Main.java:9) ~[OpenRSC%20Sprite%20Tool/:?]
	at com.sun.javafx.application.LauncherImpl.lambda$launchApplication1$9(LauncherImpl.java:846) ~[javafx.graphics.jar:?]
	at com.sun.javafx.application.PlatformImpl.lambda$runAndWait$12(PlatformImpl.java:455) ~[javafx.graphics.jar:?]
	at com.sun.javafx.application.PlatformImpl.lambda$runLater$10(PlatformImpl.java:428) ~[javafx.graphics.jar:?]
	at java.security.AccessController.doPrivileged(AccessController.java:389) ~[?:?]
	at com.sun.javafx.application.PlatformImpl.lambda$runLater$11(PlatformImpl.java:427) ~[javafx.graphics.jar:?]
	at com.sun.glass.ui.InvokeLaterDispatcher$Future.run$$$capture(InvokeLaterDispatcher.java:96) ~[javafx.graphics.jar:?]
	at com.sun.glass.ui.InvokeLaterDispatcher$Future.run(InvokeLaterDispatcher.java) ~[javafx.graphics.jar:?]
	at com.sun.glass.ui.win.WinApplication._runLoop(Native Method) ~[javafx.graphics.jar:?]
	at com.sun.glass.ui.win.WinApplication.lambda$runLoop$3(WinApplication.java:174) ~[javafx.graphics.jar:?]
	at java.lang.Thread.run(Thread.java:835) [?:?]
Caused by: java.lang.IllegalArgumentException: Invalid URL: Invalid URL or resource not found
	at javafx.scene.image.Image.validateUrl(Image.java:1107) ~[javafx.graphics.jar:?]
	at javafx.scene.image.Image.<init>(Image.java:617) ~[javafx.graphics.jar:?]
	at com.SpriteTool.Controller.initialize(Controller.java:52) ~[OpenRSC%20Sprite%20Tool/:?]
	at javafx.fxml.FXMLLoader.loadImpl(FXMLLoader.java:2573) ~[javafx.fxml.jar:?]
	... 15 more
Caused by: java.lang.IllegalArgumentException: Invalid URL or resource not found
	at javafx.scene.image.Image.validateUrl(Image.java:1099) ~[javafx.graphics.jar:?]
	at javafx.scene.image.Image.<init>(Image.java:617) ~[javafx.graphics.jar:?]
	at com.SpriteTool.Controller.initialize(Controller.java:52) ~[OpenRSC%20Sprite%20Tool/:?]
	at javafx.fxml.FXMLLoader.loadImpl(FXMLLoader.java:2573) ~[javafx.fxml.jar:?]
	... 15 more
2019-11-06 06:25:45 [JavaFX Application Thread] ERROR SpriteTool:59 - Catching
javafx.fxml.LoadException: 
/C:/Users/Scott/Documents/OpenRSC%20Sprite%20Tool/out/production/OpenRSC%20Sprite%20Tool/com/SpriteTool/SpriteTool.fxml

	at javafx.fxml.FXMLLoader.constructLoadException(FXMLLoader.java:2625) ~[javafx.fxml.jar:?]
	at javafx.fxml.FXMLLoader.loadImpl(FXMLLoader.java:2603) ~[javafx.fxml.jar:?]
	at javafx.fxml.FXMLLoader.loadImpl(FXMLLoader.java:2466) ~[javafx.fxml.jar:?]
	at javafx.fxml.FXMLLoader.load(FXMLLoader.java:2435) ~[javafx.fxml.jar:?]
	at com.SpriteTool.SpriteTool.initLoaders(SpriteTool.java:51) ~[OpenRSC%20Sprite%20Tool/:?]
	at com.SpriteTool.SpriteTool.<init>(SpriteTool.java:35) ~[OpenRSC%20Sprite%20Tool/:?]
	at com.SpriteTool.Main.start(Main.java:9) ~[OpenRSC%20Sprite%20Tool/:?]
	at com.sun.javafx.application.LauncherImpl.lambda$launchApplication1$9(LauncherImpl.java:846) ~[javafx.graphics.jar:?]
	at com.sun.javafx.application.PlatformImpl.lambda$runAndWait$12(PlatformImpl.java:455) ~[javafx.graphics.jar:?]
	at com.sun.javafx.application.PlatformImpl.lambda$runLater$10(PlatformImpl.java:428) ~[javafx.graphics.jar:?]
	at java.security.AccessController.doPrivileged(AccessController.java:389) ~[?:?]
	at com.sun.javafx.application.PlatformImpl.lambda$runLater$11(PlatformImpl.java:427) ~[javafx.graphics.jar:?]
	at com.sun.glass.ui.InvokeLaterDispatcher$Future.run$$$capture(InvokeLaterDispatcher.java:96) ~[javafx.graphics.jar:?]
	at com.sun.glass.ui.InvokeLaterDispatcher$Future.run(InvokeLaterDispatcher.java) ~[javafx.graphics.jar:?]
	at com.sun.glass.ui.win.WinApplication._runLoop(Native Method) ~[javafx.graphics.jar:?]
	at com.sun.glass.ui.win.WinApplication.lambda$runLoop$3(WinApplication.java:174) ~[javafx.graphics.jar:?]
	at java.lang.Thread.run(Thread.java:835) [?:?]
Caused by: java.lang.IllegalArgumentException: Invalid URL: Invalid URL or resource not found
	at javafx.scene.image.Image.validateUrl(Image.java:1107) ~[javafx.graphics.jar:?]
	at javafx.scene.image.Image.<init>(Image.java:617) ~[javafx.graphics.jar:?]
	at com.SpriteTool.Controller.initialize(Controller.java:53) ~[OpenRSC%20Sprite%20Tool/:?]
	at javafx.fxml.FXMLLoader.loadImpl(FXMLLoader.java:2573) ~[javafx.fxml.jar:?]
	... 15 more
Caused by: java.lang.IllegalArgumentException: Invalid URL or resource not found
	at javafx.scene.image.Image.validateUrl(Image.java:1099) ~[javafx.graphics.jar:?]
	at javafx.scene.image.Image.<init>(Image.java:617) ~[javafx.graphics.jar:?]
	at com.SpriteTool.Controller.initialize(Controller.java:53) ~[OpenRSC%20Sprite%20Tool/:?]
	at javafx.fxml.FXMLLoader.loadImpl(FXMLLoader.java:2573) ~[javafx.fxml.jar:?]
	... 15 more
2019-11-06 06:25:54 [JavaFX Application Thread] ERROR SpriteTool:59 - Catching
javafx.fxml.LoadException: 
/C:/Users/Scott/Documents/OpenRSC%20Sprite%20Tool/out/production/OpenRSC%20Sprite%20Tool/com/SpriteTool/SpriteTool.fxml

	at javafx.fxml.FXMLLoader.constructLoadException(FXMLLoader.java:2625) ~[javafx.fxml.jar:?]
	at javafx.fxml.FXMLLoader.loadImpl(FXMLLoader.java:2603) ~[javafx.fxml.jar:?]
	at javafx.fxml.FXMLLoader.loadImpl(FXMLLoader.java:2466) ~[javafx.fxml.jar:?]
	at javafx.fxml.FXMLLoader.load(FXMLLoader.java:2435) ~[javafx.fxml.jar:?]
	at com.SpriteTool.SpriteTool.initLoaders(SpriteTool.java:51) ~[OpenRSC%20Sprite%20Tool/:?]
	at com.SpriteTool.SpriteTool.<init>(SpriteTool.java:35) ~[OpenRSC%20Sprite%20Tool/:?]
	at com.SpriteTool.Main.start(Main.java:9) ~[OpenRSC%20Sprite%20Tool/:?]
	at com.sun.javafx.application.LauncherImpl.lambda$launchApplication1$9(LauncherImpl.java:846) ~[javafx.graphics.jar:?]
	at com.sun.javafx.application.PlatformImpl.lambda$runAndWait$12(PlatformImpl.java:455) ~[javafx.graphics.jar:?]
	at com.sun.javafx.application.PlatformImpl.lambda$runLater$10(PlatformImpl.java:428) ~[javafx.graphics.jar:?]
	at java.security.AccessController.doPrivileged(AccessController.java:389) ~[?:?]
	at com.sun.javafx.application.PlatformImpl.lambda$runLater$11(PlatformImpl.java:427) ~[javafx.graphics.jar:?]
	at com.sun.glass.ui.InvokeLaterDispatcher$Future.run(InvokeLaterDispatcher.java:96) ~[javafx.graphics.jar:?]
	at com.sun.glass.ui.win.WinApplication._runLoop(Native Method) ~[javafx.graphics.jar:?]
	at com.sun.glass.ui.win.WinApplication.lambda$runLoop$3(WinApplication.java:174) ~[javafx.graphics.jar:?]
	at java.lang.Thread.run(Thread.java:835) [?:?]
Caused by: java.lang.IllegalArgumentException: Invalid URL: unknown protocol: c
	at javafx.scene.image.Image.validateUrl(Image.java:1110) ~[javafx.graphics.jar:?]
	at javafx.scene.image.Image.<init>(Image.java:617) ~[javafx.graphics.jar:?]
	at com.SpriteTool.Controller.initialize(Controller.java:53) ~[OpenRSC%20Sprite%20Tool/:?]
	at javafx.fxml.FXMLLoader.loadImpl(FXMLLoader.java:2573) ~[javafx.fxml.jar:?]
	... 14 more
Caused by: java.net.MalformedURLException: unknown protocol: c
	at java.net.URL.<init>(URL.java:657) ~[?:?]
	at java.net.URL.<init>(URL.java:546) ~[?:?]
	at java.net.URL.<init>(URL.java:493) ~[?:?]
	at javafx.scene.image.Image.validateUrl(Image.java:1104) ~[javafx.graphics.jar:?]
	at javafx.scene.image.Image.<init>(Image.java:617) ~[javafx.graphics.jar:?]
	at com.SpriteTool.Controller.initialize(Controller.java:53) ~[OpenRSC%20Sprite%20Tool/:?]
	at javafx.fxml.FXMLLoader.loadImpl(FXMLLoader.java:2573) ~[javafx.fxml.jar:?]
	... 14 more
2019-11-06 06:26:15 [JavaFX Application Thread] ERROR SpriteTool:59 - Catching
javafx.fxml.LoadException: 
/C:/Users/Scott/Documents/OpenRSC%20Sprite%20Tool/out/production/OpenRSC%20Sprite%20Tool/com/SpriteTool/SpriteTool.fxml

	at javafx.fxml.FXMLLoader.constructLoadException(FXMLLoader.java:2625) ~[javafx.fxml.jar:?]
	at javafx.fxml.FXMLLoader.loadImpl(FXMLLoader.java:2603) ~[javafx.fxml.jar:?]
	at javafx.fxml.FXMLLoader.loadImpl(FXMLLoader.java:2466) ~[javafx.fxml.jar:?]
	at javafx.fxml.FXMLLoader.load(FXMLLoader.java:2435) ~[javafx.fxml.jar:?]
	at com.SpriteTool.SpriteTool.initLoaders(SpriteTool.java:51) ~[OpenRSC%20Sprite%20Tool/:?]
	at com.SpriteTool.SpriteTool.<init>(SpriteTool.java:35) ~[OpenRSC%20Sprite%20Tool/:?]
	at com.SpriteTool.Main.start(Main.java:9) ~[OpenRSC%20Sprite%20Tool/:?]
	at com.sun.javafx.application.LauncherImpl.lambda$launchApplication1$9(LauncherImpl.java:846) ~[javafx.graphics.jar:?]
	at com.sun.javafx.application.PlatformImpl.lambda$runAndWait$12(PlatformImpl.java:455) ~[javafx.graphics.jar:?]
	at com.sun.javafx.application.PlatformImpl.lambda$runLater$10(PlatformImpl.java:428) ~[javafx.graphics.jar:?]
	at java.security.AccessController.doPrivileged(AccessController.java:389) ~[?:?]
	at com.sun.javafx.application.PlatformImpl.lambda$runLater$11(PlatformImpl.java:427) ~[javafx.graphics.jar:?]
	at com.sun.glass.ui.InvokeLaterDispatcher$Future.run$$$capture(InvokeLaterDispatcher.java:96) ~[javafx.graphics.jar:?]
	at com.sun.glass.ui.InvokeLaterDispatcher$Future.run(InvokeLaterDispatcher.java) ~[javafx.graphics.jar:?]
	at com.sun.glass.ui.win.WinApplication._runLoop(Native Method) ~[javafx.graphics.jar:?]
	at com.sun.glass.ui.win.WinApplication.lambda$runLoop$3(WinApplication.java:174) ~[javafx.graphics.jar:?]
	at java.lang.Thread.run(Thread.java:835) [?:?]
Caused by: java.lang.IllegalArgumentException: Invalid URL: unknown protocol: c
	at javafx.scene.image.Image.validateUrl(Image.java:1110) ~[javafx.graphics.jar:?]
	at javafx.scene.image.Image.<init>(Image.java:617) ~[javafx.graphics.jar:?]
	at com.SpriteTool.Controller.initialize(Controller.java:53) ~[OpenRSC%20Sprite%20Tool/:?]
	at javafx.fxml.FXMLLoader.loadImpl(FXMLLoader.java:2573) ~[javafx.fxml.jar:?]
	... 15 more
Caused by: java.net.MalformedURLException: unknown protocol: c
	at java.net.URL.<init>(URL.java:657) ~[?:?]
	at java.net.URL.<init>(URL.java:546) ~[?:?]
	at java.net.URL.<init>(URL.java:493) ~[?:?]
	at javafx.scene.image.Image.validateUrl(Image.java:1104) ~[javafx.graphics.jar:?]
	at javafx.scene.image.Image.<init>(Image.java:617) ~[javafx.graphics.jar:?]
	at com.SpriteTool.Controller.initialize(Controller.java:53) ~[OpenRSC%20Sprite%20Tool/:?]
	at javafx.fxml.FXMLLoader.loadImpl(FXMLLoader.java:2573) ~[javafx.fxml.jar:?]
	... 15 more
2019-11-06 06:26:29 [JavaFX Application Thread] ERROR SpriteTool:59 - Catching
javafx.fxml.LoadException: 
/C:/Users/Scott/Documents/OpenRSC%20Sprite%20Tool/out/production/OpenRSC%20Sprite%20Tool/com/SpriteTool/SpriteTool.fxml

	at javafx.fxml.FXMLLoader.constructLoadException(FXMLLoader.java:2625) ~[javafx.fxml.jar:?]
	at javafx.fxml.FXMLLoader.loadImpl(FXMLLoader.java:2603) ~[javafx.fxml.jar:?]
	at javafx.fxml.FXMLLoader.loadImpl(FXMLLoader.java:2466) ~[javafx.fxml.jar:?]
	at javafx.fxml.FXMLLoader.load(FXMLLoader.java:2435) ~[javafx.fxml.jar:?]
	at com.SpriteTool.SpriteTool.initLoaders(SpriteTool.java:51) ~[OpenRSC%20Sprite%20Tool/:?]
	at com.SpriteTool.SpriteTool.<init>(SpriteTool.java:35) ~[OpenRSC%20Sprite%20Tool/:?]
	at com.SpriteTool.Main.start(Main.java:9) ~[OpenRSC%20Sprite%20Tool/:?]
	at com.sun.javafx.application.LauncherImpl.lambda$launchApplication1$9(LauncherImpl.java:846) ~[javafx.graphics.jar:?]
	at com.sun.javafx.application.PlatformImpl.lambda$runAndWait$12(PlatformImpl.java:455) ~[javafx.graphics.jar:?]
	at com.sun.javafx.application.PlatformImpl.lambda$runLater$10(PlatformImpl.java:428) ~[javafx.graphics.jar:?]
	at java.security.AccessController.doPrivileged(AccessController.java:389) ~[?:?]
	at com.sun.javafx.application.PlatformImpl.lambda$runLater$11(PlatformImpl.java:427) ~[javafx.graphics.jar:?]
	at com.sun.glass.ui.InvokeLaterDispatcher$Future.run(InvokeLaterDispatcher.java:96) ~[javafx.graphics.jar:?]
	at com.sun.glass.ui.win.WinApplication._runLoop(Native Method) ~[javafx.graphics.jar:?]
	at com.sun.glass.ui.win.WinApplication.lambda$runLoop$3(WinApplication.java:174) ~[javafx.graphics.jar:?]
	at java.lang.Thread.run(Thread.java:835) [?:?]
Caused by: java.lang.IllegalArgumentException: Invalid URL: unknown protocol: c
	at javafx.scene.image.Image.validateUrl(Image.java:1110) ~[javafx.graphics.jar:?]
	at javafx.scene.image.Image.<init>(Image.java:617) ~[javafx.graphics.jar:?]
	at com.SpriteTool.Controller.initialize(Controller.java:53) ~[OpenRSC%20Sprite%20Tool/:?]
	at javafx.fxml.FXMLLoader.loadImpl(FXMLLoader.java:2573) ~[javafx.fxml.jar:?]
	... 14 more
Caused by: java.net.MalformedURLException: unknown protocol: c
	at java.net.URL.<init>(URL.java:657) ~[?:?]
	at java.net.URL.<init>(URL.java:546) ~[?:?]
	at java.net.URL.<init>(URL.java:493) ~[?:?]
	at javafx.scene.image.Image.validateUrl(Image.java:1104) ~[javafx.graphics.jar:?]
	at javafx.scene.image.Image.<init>(Image.java:617) ~[javafx.graphics.jar:?]
	at com.SpriteTool.Controller.initialize(Controller.java:53) ~[OpenRSC%20Sprite%20Tool/:?]
	at javafx.fxml.FXMLLoader.loadImpl(FXMLLoader.java:2573) ~[javafx.fxml.jar:?]
	... 14 more
2019-11-06 06:26:52 [JavaFX Application Thread] ERROR SpriteTool:59 - Catching
javafx.fxml.LoadException: 
/C:/Users/Scott/Documents/OpenRSC%20Sprite%20Tool/out/production/OpenRSC%20Sprite%20Tool/com/SpriteTool/SpriteTool.fxml

	at javafx.fxml.FXMLLoader.constructLoadException(FXMLLoader.java:2625) ~[javafx.fxml.jar:?]
	at javafx.fxml.FXMLLoader.loadImpl(FXMLLoader.java:2603) ~[javafx.fxml.jar:?]
	at javafx.fxml.FXMLLoader.loadImpl(FXMLLoader.java:2466) ~[javafx.fxml.jar:?]
	at javafx.fxml.FXMLLoader.load(FXMLLoader.java:2435) ~[javafx.fxml.jar:?]
	at com.SpriteTool.SpriteTool.initLoaders(SpriteTool.java:51) ~[OpenRSC%20Sprite%20Tool/:?]
	at com.SpriteTool.SpriteTool.<init>(SpriteTool.java:35) ~[OpenRSC%20Sprite%20Tool/:?]
	at com.SpriteTool.Main.start(Main.java:9) ~[OpenRSC%20Sprite%20Tool/:?]
	at com.sun.javafx.application.LauncherImpl.lambda$launchApplication1$9(LauncherImpl.java:846) ~[javafx.graphics.jar:?]
	at com.sun.javafx.application.PlatformImpl.lambda$runAndWait$12(PlatformImpl.java:455) ~[javafx.graphics.jar:?]
	at com.sun.javafx.application.PlatformImpl.lambda$runLater$10(PlatformImpl.java:428) ~[javafx.graphics.jar:?]
	at java.security.AccessController.doPrivileged(AccessController.java:389) ~[?:?]
	at com.sun.javafx.application.PlatformImpl.lambda$runLater$11(PlatformImpl.java:427) ~[javafx.graphics.jar:?]
	at com.sun.glass.ui.InvokeLaterDispatcher$Future.run(InvokeLaterDispatcher.java:96) ~[javafx.graphics.jar:?]
	at com.sun.glass.ui.win.WinApplication._runLoop(Native Method) ~[javafx.graphics.jar:?]
	at com.sun.glass.ui.win.WinApplication.lambda$runLoop$3(WinApplication.java:174) ~[javafx.graphics.jar:?]
	at java.lang.Thread.run(Thread.java:835) [?:?]
Caused by: java.lang.IllegalArgumentException: Invalid URL: unknown protocol: c
	at javafx.scene.image.Image.validateUrl(Image.java:1110) ~[javafx.graphics.jar:?]
	at javafx.scene.image.Image.<init>(Image.java:617) ~[javafx.graphics.jar:?]
	at com.SpriteTool.Controller.initialize(Controller.java:53) ~[OpenRSC%20Sprite%20Tool/:?]
	at javafx.fxml.FXMLLoader.loadImpl(FXMLLoader.java:2573) ~[javafx.fxml.jar:?]
	... 14 more
Caused by: java.net.MalformedURLException: unknown protocol: c
	at java.net.URL.<init>(URL.java:657) ~[?:?]
	at java.net.URL.<init>(URL.java:546) ~[?:?]
	at java.net.URL.<init>(URL.java:493) ~[?:?]
	at javafx.scene.image.Image.validateUrl(Image.java:1104) ~[javafx.graphics.jar:?]
	at javafx.scene.image.Image.<init>(Image.java:617) ~[javafx.graphics.jar:?]
	at com.SpriteTool.Controller.initialize(Controller.java:53) ~[OpenRSC%20Sprite%20Tool/:?]
	at javafx.fxml.FXMLLoader.loadImpl(FXMLLoader.java:2573) ~[javafx.fxml.jar:?]
	... 14 more
2019-11-06 06:27:02 [JavaFX Application Thread] ERROR SpriteTool:59 - Catching
javafx.fxml.LoadException: 
/C:/Users/Scott/Documents/OpenRSC%20Sprite%20Tool/out/production/OpenRSC%20Sprite%20Tool/com/SpriteTool/SpriteTool.fxml

	at javafx.fxml.FXMLLoader.constructLoadException(FXMLLoader.java:2625) ~[javafx.fxml.jar:?]
	at javafx.fxml.FXMLLoader.loadImpl(FXMLLoader.java:2603) ~[javafx.fxml.jar:?]
	at javafx.fxml.FXMLLoader.loadImpl(FXMLLoader.java:2466) ~[javafx.fxml.jar:?]
	at javafx.fxml.FXMLLoader.load(FXMLLoader.java:2435) ~[javafx.fxml.jar:?]
	at com.SpriteTool.SpriteTool.initLoaders(SpriteTool.java:51) ~[OpenRSC%20Sprite%20Tool/:?]
	at com.SpriteTool.SpriteTool.<init>(SpriteTool.java:35) ~[OpenRSC%20Sprite%20Tool/:?]
	at com.SpriteTool.Main.start(Main.java:9) ~[OpenRSC%20Sprite%20Tool/:?]
	at com.sun.javafx.application.LauncherImpl.lambda$launchApplication1$9(LauncherImpl.java:846) ~[javafx.graphics.jar:?]
	at com.sun.javafx.application.PlatformImpl.lambda$runAndWait$12(PlatformImpl.java:455) ~[javafx.graphics.jar:?]
	at com.sun.javafx.application.PlatformImpl.lambda$runLater$10(PlatformImpl.java:428) ~[javafx.graphics.jar:?]
	at java.security.AccessController.doPrivileged(AccessController.java:389) ~[?:?]
	at com.sun.javafx.application.PlatformImpl.lambda$runLater$11(PlatformImpl.java:427) ~[javafx.graphics.jar:?]
	at com.sun.glass.ui.InvokeLaterDispatcher$Future.run(InvokeLaterDispatcher.java:96) ~[javafx.graphics.jar:?]
	at com.sun.glass.ui.win.WinApplication._runLoop(Native Method) ~[javafx.graphics.jar:?]
	at com.sun.glass.ui.win.WinApplication.lambda$runLoop$3(WinApplication.java:174) ~[javafx.graphics.jar:?]
	at java.lang.Thread.run(Thread.java:835) [?:?]
Caused by: java.lang.IllegalArgumentException: Invalid URL: unknown protocol: c
	at javafx.scene.image.Image.validateUrl(Image.java:1110) ~[javafx.graphics.jar:?]
	at javafx.scene.image.Image.<init>(Image.java:617) ~[javafx.graphics.jar:?]
	at com.SpriteTool.Controller.initialize(Controller.java:53) ~[OpenRSC%20Sprite%20Tool/:?]
	at javafx.fxml.FXMLLoader.loadImpl(FXMLLoader.java:2573) ~[javafx.fxml.jar:?]
	... 14 more
Caused by: java.net.MalformedURLException: unknown protocol: c
	at java.net.URL.<init>(URL.java:657) ~[?:?]
	at java.net.URL.<init>(URL.java:546) ~[?:?]
	at java.net.URL.<init>(URL.java:493) ~[?:?]
	at javafx.scene.image.Image.validateUrl(Image.java:1104) ~[javafx.graphics.jar:?]
	at javafx.scene.image.Image.<init>(Image.java:617) ~[javafx.graphics.jar:?]
	at com.SpriteTool.Controller.initialize(Controller.java:53) ~[OpenRSC%20Sprite%20Tool/:?]
	at javafx.fxml.FXMLLoader.loadImpl(FXMLLoader.java:2573) ~[javafx.fxml.jar:?]
	... 14 more
2019-11-06 06:27:51 [JavaFX Application Thread] ERROR SpriteTool:59 - Catching
javafx.fxml.LoadException: 
/C:/Users/Scott/Documents/OpenRSC%20Sprite%20Tool/out/production/OpenRSC%20Sprite%20Tool/com/SpriteTool/SpriteTool.fxml

	at javafx.fxml.FXMLLoader.constructLoadException(FXMLLoader.java:2625) ~[javafx.fxml.jar:?]
	at javafx.fxml.FXMLLoader.loadImpl(FXMLLoader.java:2603) ~[javafx.fxml.jar:?]
	at javafx.fxml.FXMLLoader.loadImpl(FXMLLoader.java:2466) ~[javafx.fxml.jar:?]
	at javafx.fxml.FXMLLoader.load(FXMLLoader.java:2435) ~[javafx.fxml.jar:?]
	at com.SpriteTool.SpriteTool.initLoaders(SpriteTool.java:51) ~[OpenRSC%20Sprite%20Tool/:?]
	at com.SpriteTool.SpriteTool.<init>(SpriteTool.java:35) ~[OpenRSC%20Sprite%20Tool/:?]
	at com.SpriteTool.Main.start(Main.java:9) ~[OpenRSC%20Sprite%20Tool/:?]
	at com.sun.javafx.application.LauncherImpl.lambda$launchApplication1$9(LauncherImpl.java:846) ~[javafx.graphics.jar:?]
	at com.sun.javafx.application.PlatformImpl.lambda$runAndWait$12(PlatformImpl.java:455) ~[javafx.graphics.jar:?]
	at com.sun.javafx.application.PlatformImpl.lambda$runLater$10(PlatformImpl.java:428) ~[javafx.graphics.jar:?]
	at java.security.AccessController.doPrivileged(AccessController.java:389) ~[?:?]
	at com.sun.javafx.application.PlatformImpl.lambda$runLater$11(PlatformImpl.java:427) ~[javafx.graphics.jar:?]
	at com.sun.glass.ui.InvokeLaterDispatcher$Future.run(InvokeLaterDispatcher.java:96) ~[javafx.graphics.jar:?]
	at com.sun.glass.ui.win.WinApplication._runLoop(Native Method) ~[javafx.graphics.jar:?]
	at com.sun.glass.ui.win.WinApplication.lambda$runLoop$3(WinApplication.java:174) ~[javafx.graphics.jar:?]
	at java.lang.Thread.run(Thread.java:835) [?:?]
Caused by: java.lang.IllegalArgumentException: Invalid URL: Invalid URL or resource not found
	at javafx.scene.image.Image.validateUrl(Image.java:1107) ~[javafx.graphics.jar:?]
	at javafx.scene.image.Image.<init>(Image.java:617) ~[javafx.graphics.jar:?]
	at com.SpriteTool.Controller.initialize(Controller.java:53) ~[OpenRSC%20Sprite%20Tool/:?]
	at javafx.fxml.FXMLLoader.loadImpl(FXMLLoader.java:2573) ~[javafx.fxml.jar:?]
	... 14 more
Caused by: java.lang.IllegalArgumentException: Invalid URL or resource not found
	at javafx.scene.image.Image.validateUrl(Image.java:1099) ~[javafx.graphics.jar:?]
	at javafx.scene.image.Image.<init>(Image.java:617) ~[javafx.graphics.jar:?]
	at com.SpriteTool.Controller.initialize(Controller.java:53) ~[OpenRSC%20Sprite%20Tool/:?]
	at javafx.fxml.FXMLLoader.loadImpl(FXMLLoader.java:2573) ~[javafx.fxml.jar:?]
	... 14 more
2019-11-06 06:28:50 [JavaFX Application Thread] ERROR SpriteTool:59 - Catching
javafx.fxml.LoadException: 
/C:/Users/Scott/Documents/OpenRSC%20Sprite%20Tool/out/production/OpenRSC%20Sprite%20Tool/com/SpriteTool/SpriteTool.fxml

	at javafx.fxml.FXMLLoader.constructLoadException(FXMLLoader.java:2625) ~[javafx.fxml.jar:?]
	at javafx.fxml.FXMLLoader.loadImpl(FXMLLoader.java:2603) ~[javafx.fxml.jar:?]
	at javafx.fxml.FXMLLoader.loadImpl(FXMLLoader.java:2466) ~[javafx.fxml.jar:?]
	at javafx.fxml.FXMLLoader.load(FXMLLoader.java:2435) ~[javafx.fxml.jar:?]
	at com.SpriteTool.SpriteTool.initLoaders(SpriteTool.java:51) ~[OpenRSC%20Sprite%20Tool/:?]
	at com.SpriteTool.SpriteTool.<init>(SpriteTool.java:35) ~[OpenRSC%20Sprite%20Tool/:?]
	at com.SpriteTool.Main.start(Main.java:9) ~[OpenRSC%20Sprite%20Tool/:?]
	at com.sun.javafx.application.LauncherImpl.lambda$launchApplication1$9(LauncherImpl.java:846) ~[javafx.graphics.jar:?]
	at com.sun.javafx.application.PlatformImpl.lambda$runAndWait$12(PlatformImpl.java:455) ~[javafx.graphics.jar:?]
	at com.sun.javafx.application.PlatformImpl.lambda$runLater$10(PlatformImpl.java:428) ~[javafx.graphics.jar:?]
	at java.security.AccessController.doPrivileged(AccessController.java:389) ~[?:?]
	at com.sun.javafx.application.PlatformImpl.lambda$runLater$11(PlatformImpl.java:427) ~[javafx.graphics.jar:?]
	at com.sun.glass.ui.InvokeLaterDispatcher$Future.run(InvokeLaterDispatcher.java:96) ~[javafx.graphics.jar:?]
	at com.sun.glass.ui.win.WinApplication._runLoop(Native Method) ~[javafx.graphics.jar:?]
	at com.sun.glass.ui.win.WinApplication.lambda$runLoop$3(WinApplication.java:174) ~[javafx.graphics.jar:?]
	at java.lang.Thread.run(Thread.java:835) [?:?]
Caused by: java.lang.IllegalArgumentException: Invalid URL: unknown protocol: c
	at javafx.scene.image.Image.validateUrl(Image.java:1110) ~[javafx.graphics.jar:?]
	at javafx.scene.image.Image.<init>(Image.java:617) ~[javafx.graphics.jar:?]
	at com.SpriteTool.Controller.initialize(Controller.java:55) ~[OpenRSC%20Sprite%20Tool/:?]
	at javafx.fxml.FXMLLoader.loadImpl(FXMLLoader.java:2573) ~[javafx.fxml.jar:?]
	... 14 more
Caused by: java.net.MalformedURLException: unknown protocol: c
	at java.net.URL.<init>(URL.java:657) ~[?:?]
	at java.net.URL.<init>(URL.java:546) ~[?:?]
	at java.net.URL.<init>(URL.java:493) ~[?:?]
	at javafx.scene.image.Image.validateUrl(Image.java:1104) ~[javafx.graphics.jar:?]
	at javafx.scene.image.Image.<init>(Image.java:617) ~[javafx.graphics.jar:?]
	at com.SpriteTool.Controller.initialize(Controller.java:55) ~[OpenRSC%20Sprite%20Tool/:?]
	at javafx.fxml.FXMLLoader.loadImpl(FXMLLoader.java:2573) ~[javafx.fxml.jar:?]
	... 14 more
2019-11-06 06:29:17 [JavaFX Application Thread] ERROR SpriteTool:59 - Catching
javafx.fxml.LoadException: 
/C:/Users/Scott/Documents/OpenRSC%20Sprite%20Tool/out/production/OpenRSC%20Sprite%20Tool/com/SpriteTool/SpriteTool.fxml

	at javafx.fxml.FXMLLoader.constructLoadException(FXMLLoader.java:2625) ~[javafx.fxml.jar:?]
	at javafx.fxml.FXMLLoader.loadImpl(FXMLLoader.java:2603) ~[javafx.fxml.jar:?]
	at javafx.fxml.FXMLLoader.loadImpl(FXMLLoader.java:2466) ~[javafx.fxml.jar:?]
	at javafx.fxml.FXMLLoader.load(FXMLLoader.java:2435) ~[javafx.fxml.jar:?]
	at com.SpriteTool.SpriteTool.initLoaders(SpriteTool.java:51) ~[OpenRSC%20Sprite%20Tool/:?]
	at com.SpriteTool.SpriteTool.<init>(SpriteTool.java:35) ~[OpenRSC%20Sprite%20Tool/:?]
	at com.SpriteTool.Main.start(Main.java:9) ~[OpenRSC%20Sprite%20Tool/:?]
	at com.sun.javafx.application.LauncherImpl.lambda$launchApplication1$9(LauncherImpl.java:846) ~[javafx.graphics.jar:?]
	at com.sun.javafx.application.PlatformImpl.lambda$runAndWait$12(PlatformImpl.java:455) ~[javafx.graphics.jar:?]
	at com.sun.javafx.application.PlatformImpl.lambda$runLater$10(PlatformImpl.java:428) ~[javafx.graphics.jar:?]
	at java.security.AccessController.doPrivileged(AccessController.java:389) ~[?:?]
	at com.sun.javafx.application.PlatformImpl.lambda$runLater$11(PlatformImpl.java:427) ~[javafx.graphics.jar:?]
	at com.sun.glass.ui.InvokeLaterDispatcher$Future.run(InvokeLaterDispatcher.java:96) ~[javafx.graphics.jar:?]
	at com.sun.glass.ui.win.WinApplication._runLoop(Native Method) ~[javafx.graphics.jar:?]
	at com.sun.glass.ui.win.WinApplication.lambda$runLoop$3(WinApplication.java:174) ~[javafx.graphics.jar:?]
	at java.lang.Thread.run(Thread.java:835) [?:?]
Caused by: java.lang.IllegalArgumentException: Invalid URL: unknown protocol: c
	at javafx.scene.image.Image.validateUrl(Image.java:1110) ~[javafx.graphics.jar:?]
	at javafx.scene.image.Image.<init>(Image.java:617) ~[javafx.graphics.jar:?]
	at com.SpriteTool.Controller.initialize(Controller.java:57) ~[OpenRSC%20Sprite%20Tool/:?]
	at javafx.fxml.FXMLLoader.loadImpl(FXMLLoader.java:2573) ~[javafx.fxml.jar:?]
	... 14 more
Caused by: java.net.MalformedURLException: unknown protocol: c
	at java.net.URL.<init>(URL.java:657) ~[?:?]
	at java.net.URL.<init>(URL.java:546) ~[?:?]
	at java.net.URL.<init>(URL.java:493) ~[?:?]
	at javafx.scene.image.Image.validateUrl(Image.java:1104) ~[javafx.graphics.jar:?]
	at javafx.scene.image.Image.<init>(Image.java:617) ~[javafx.graphics.jar:?]
	at com.SpriteTool.Controller.initialize(Controller.java:57) ~[OpenRSC%20Sprite%20Tool/:?]
	at javafx.fxml.FXMLLoader.loadImpl(FXMLLoader.java:2573) ~[javafx.fxml.jar:?]
	... 14 more
